<?xml version="1.0" encoding="UTF-8"?>
<!DOCTYPE suite SYSTEM "https://testng.org/testng-1.0.dtd" >
<suite name="Test suite" verbose="1" data-provider-thread-count="1" configfailurepolicy="continue">
    <test thread-count="5" name="TMI Ui Tests" parallel="classes">
        <classes>
            <class name="com.rodionov.test.task.tests.FirstTest"/>
<!--            <class name="com.rodionov.test.task.tests.SecondTest"/>-->
        </classes>
    </test>
</suite>